INFO:root:Datahub is initated
INFO:root:Important data is initated
INFO:root:JSON Tree sturcture is initated
INFO:root:History data is initated
INFO:root:MongoConnection is initated
DEBUG:root:Index : 2015-01-01 00:00:00
INFO:root:Poll Thred Start
INFO:root:Collection is initated
INFO:root:Parameter : {'tag': 'KEWP_5RH_11B_02', 'isSimulation': 'False', 'date': '2015-01-11T00:00:00.000Z', 'date2': '2015-01-12T21:20:00.000Z'}
Internal Server Error: /api/important
Traceback (most recent call last):
  File "/mnt/sdb1/django/ewp_backend/venv/lib/python3.4/site-packages/django/core/handlers/exception.py", line 35, in inner
    response = get_response(request)
  File "/mnt/sdb1/django/ewp_backend/venv/lib/python3.4/site-packages/django/core/handlers/base.py", line 128, in _get_response
    response = self.process_exception_by_middleware(e, request)
  File "/mnt/sdb1/django/ewp_backend/venv/lib/python3.4/site-packages/django/core/handlers/base.py", line 126, in _get_response
    response = wrapped_callback(request, *callback_args, **callback_kwargs)
  File "/mnt/sdb1/django/ewp_backend/venv/lib/python3.4/site-packages/django/views/decorators/csrf.py", line 54, in wrapped_view
    return view_func(*args, **kwargs)
  File "/mnt/sdb1/django/ewp_backend/venv/lib/python3.4/site-packages/django/views/decorators/csrf.py", line 54, in wrapped_view
    return view_func(*args, **kwargs)
  File "/mnt/sdb1/django/ewp_backend/venv/lib/python3.4/site-packages/django/views/generic/base.py", line 69, in view
    return self.dispatch(request, *args, **kwargs)
  File "/mnt/sdb1/django/ewp_backend/venv/lib/python3.4/site-packages/rest_framework/views.py", line 483, in dispatch
    response = self.handle_exception(exc)
  File "/mnt/sdb1/django/ewp_backend/venv/lib/python3.4/site-packages/rest_framework/views.py", line 443, in handle_exception
    self.raise_uncaught_exception(exc)
  File "/mnt/sdb1/django/ewp_backend/venv/lib/python3.4/site-packages/rest_framework/views.py", line 480, in dispatch
    response = handler(request, *args, **kwargs)
  File "/mnt/sdb1/django/ewp_backend/venv/lib/python3.4/site-packages/rest_framework/decorators.py", line 53, in handler
    return func(*args, **kwargs)
  File "/mnt/sdb1/django/ewp_backend/mongo/views.py", line 392, in connect_mongo_important
    json_str = json.dumps(result, ensure_ascii=False)
  File "/usr/lib/python3.4/json/__init__.py", line 237, in dumps
    **kw).encode(obj)
  File "/usr/lib/python3.4/json/encoder.py", line 192, in encode
    chunks = self.iterencode(o, _one_shot=True)
  File "/usr/lib/python3.4/json/encoder.py", line 250, in iterencode
    return _iterencode(o, 0)
  File "/usr/lib/python3.4/json/encoder.py", line 173, in default
    raise TypeError(repr(o) + " is not JSON serializable")
TypeError: ObjectId('5c248e651c2f28da8f68fc67') is not JSON serializable
ERROR:django.request:Internal Server Error: /api/important
Traceback (most recent call last):
  File "/mnt/sdb1/django/ewp_backend/venv/lib/python3.4/site-packages/django/core/handlers/exception.py", line 35, in inner
    response = get_response(request)
  File "/mnt/sdb1/django/ewp_backend/venv/lib/python3.4/site-packages/django/core/handlers/base.py", line 128, in _get_response
    response = self.process_exception_by_middleware(e, request)
  File "/mnt/sdb1/django/ewp_backend/venv/lib/python3.4/site-packages/django/core/handlers/base.py", line 126, in _get_response
    response = wrapped_callback(request, *callback_args, **callback_kwargs)
  File "/mnt/sdb1/django/ewp_backend/venv/lib/python3.4/site-packages/django/views/decorators/csrf.py", line 54, in wrapped_view
    return view_func(*args, **kwargs)
  File "/mnt/sdb1/django/ewp_backend/venv/lib/python3.4/site-packages/django/views/decorators/csrf.py", line 54, in wrapped_view
    return view_func(*args, **kwargs)
  File "/mnt/sdb1/django/ewp_backend/venv/lib/python3.4/site-packages/django/views/generic/base.py", line 69, in view
    return self.dispatch(request, *args, **kwargs)
  File "/mnt/sdb1/django/ewp_backend/venv/lib/python3.4/site-packages/rest_framework/views.py", line 483, in dispatch
    response = self.handle_exception(exc)
  File "/mnt/sdb1/django/ewp_backend/venv/lib/python3.4/site-packages/rest_framework/views.py", line 443, in handle_exception
    self.raise_uncaught_exception(exc)
  File "/mnt/sdb1/django/ewp_backend/venv/lib/python3.4/site-packages/rest_framework/views.py", line 480, in dispatch
    response = handler(request, *args, **kwargs)
  File "/mnt/sdb1/django/ewp_backend/venv/lib/python3.4/site-packages/rest_framework/decorators.py", line 53, in handler
    return func(*args, **kwargs)
  File "/mnt/sdb1/django/ewp_backend/mongo/views.py", line 392, in connect_mongo_important
    json_str = json.dumps(result, ensure_ascii=False)
  File "/usr/lib/python3.4/json/__init__.py", line 237, in dumps
    **kw).encode(obj)
  File "/usr/lib/python3.4/json/encoder.py", line 192, in encode
    chunks = self.iterencode(o, _one_shot=True)
  File "/usr/lib/python3.4/json/encoder.py", line 250, in iterencode
    return _iterencode(o, 0)
  File "/usr/lib/python3.4/json/encoder.py", line 173, in default
    raise TypeError(repr(o) + " is not JSON serializable")
TypeError: ObjectId('5c248e651c2f28da8f68fc67') is not JSON serializable
[27/Dec/2018 17:34:06] "POST /api/important HTTP/1.1" 500 16886
DEBUG:root:Index : 2015-01-01 00:01:00
DEBUG:root:Index : 2015-01-01 00:02:00
DEBUG:root:Index : 2015-01-01 00:03:00
DEBUG:root:Index : 2015-01-01 00:04:00
DEBUG:root:Index : 2015-01-01 00:05:00
INFO:root:Parameter : {'tag': 'KEWP_5RH_11B_02', 'isSimulation': 'False', 'date': '2015-01-11T00:00:00.000Z', 'date2': '2015-01-12T21:20:00.000Z'}
Internal Server Error: /api/important
Traceback (most recent call last):
  File "/mnt/sdb1/django/ewp_backend/venv/lib/python3.4/site-packages/django/core/handlers/exception.py", line 35, in inner
    response = get_response(request)
  File "/mnt/sdb1/django/ewp_backend/venv/lib/python3.4/site-packages/django/core/handlers/base.py", line 128, in _get_response
    response = self.process_exception_by_middleware(e, request)
  File "/mnt/sdb1/django/ewp_backend/venv/lib/python3.4/site-packages/django/core/handlers/base.py", line 126, in _get_response
    response = wrapped_callback(request, *callback_args, **callback_kwargs)
  File "/mnt/sdb1/django/ewp_backend/venv/lib/python3.4/site-packages/django/views/decorators/csrf.py", line 54, in wrapped_view
    return view_func(*args, **kwargs)
  File "/mnt/sdb1/django/ewp_backend/venv/lib/python3.4/site-packages/django/views/decorators/csrf.py", line 54, in wrapped_view
    return view_func(*args, **kwargs)
  File "/mnt/sdb1/django/ewp_backend/venv/lib/python3.4/site-packages/django/views/generic/base.py", line 69, in view
    return self.dispatch(request, *args, **kwargs)
  File "/mnt/sdb1/django/ewp_backend/venv/lib/python3.4/site-packages/rest_framework/views.py", line 483, in dispatch
    response = self.handle_exception(exc)
  File "/mnt/sdb1/django/ewp_backend/venv/lib/python3.4/site-packages/rest_framework/views.py", line 443, in handle_exception
    self.raise_uncaught_exception(exc)
  File "/mnt/sdb1/django/ewp_backend/venv/lib/python3.4/site-packages/rest_framework/views.py", line 480, in dispatch
    response = handler(request, *args, **kwargs)
  File "/mnt/sdb1/django/ewp_backend/venv/lib/python3.4/site-packages/rest_framework/decorators.py", line 53, in handler
    return func(*args, **kwargs)
  File "/mnt/sdb1/django/ewp_backend/mongo/views.py", line 392, in connect_mongo_important
    json_str = json.dumps(result, ensure_ascii=False)
  File "/usr/lib/python3.4/json/__init__.py", line 237, in dumps
    **kw).encode(obj)
  File "/usr/lib/python3.4/json/encoder.py", line 192, in encode
    chunks = self.iterencode(o, _one_shot=True)
  File "/usr/lib/python3.4/json/encoder.py", line 250, in iterencode
    return _iterencode(o, 0)
  File "/usr/lib/python3.4/json/encoder.py", line 173, in default
    raise TypeError(repr(o) + " is not JSON serializable")
TypeError: ObjectId('5c248f1c1c2f28da8f68fc6d') is not JSON serializable
ERROR:django.request:Internal Server Error: /api/important
Traceback (most recent call last):
  File "/mnt/sdb1/django/ewp_backend/venv/lib/python3.4/site-packages/django/core/handlers/exception.py", line 35, in inner
    response = get_response(request)
  File "/mnt/sdb1/django/ewp_backend/venv/lib/python3.4/site-packages/django/core/handlers/base.py", line 128, in _get_response
    response = self.process_exception_by_middleware(e, request)
  File "/mnt/sdb1/django/ewp_backend/venv/lib/python3.4/site-packages/django/core/handlers/base.py", line 126, in _get_response
    response = wrapped_callback(request, *callback_args, **callback_kwargs)
  File "/mnt/sdb1/django/ewp_backend/venv/lib/python3.4/site-packages/django/views/decorators/csrf.py", line 54, in wrapped_view
    return view_func(*args, **kwargs)
  File "/mnt/sdb1/django/ewp_backend/venv/lib/python3.4/site-packages/django/views/decorators/csrf.py", line 54, in wrapped_view
    return view_func(*args, **kwargs)
  File "/mnt/sdb1/django/ewp_backend/venv/lib/python3.4/site-packages/django/views/generic/base.py", line 69, in view
    return self.dispatch(request, *args, **kwargs)
  File "/mnt/sdb1/django/ewp_backend/venv/lib/python3.4/site-packages/rest_framework/views.py", line 483, in dispatch
    response = self.handle_exception(exc)
  File "/mnt/sdb1/django/ewp_backend/venv/lib/python3.4/site-packages/rest_framework/views.py", line 443, in handle_exception
    self.raise_uncaught_exception(exc)
  File "/mnt/sdb1/django/ewp_backend/venv/lib/python3.4/site-packages/rest_framework/views.py", line 480, in dispatch
    response = handler(request, *args, **kwargs)
  File "/mnt/sdb1/django/ewp_backend/venv/lib/python3.4/site-packages/rest_framework/decorators.py", line 53, in handler
    return func(*args, **kwargs)
  File "/mnt/sdb1/django/ewp_backend/mongo/views.py", line 392, in connect_mongo_important
    json_str = json.dumps(result, ensure_ascii=False)
  File "/usr/lib/python3.4/json/__init__.py", line 237, in dumps
    **kw).encode(obj)
  File "/usr/lib/python3.4/json/encoder.py", line 192, in encode
    chunks = self.iterencode(o, _one_shot=True)
  File "/usr/lib/python3.4/json/encoder.py", line 250, in iterencode
    return _iterencode(o, 0)
  File "/usr/lib/python3.4/json/encoder.py", line 173, in default
    raise TypeError(repr(o) + " is not JSON serializable")
TypeError: ObjectId('5c248f1c1c2f28da8f68fc6d') is not JSON serializable
[27/Dec/2018 17:39:29] "POST /api/important HTTP/1.1" 500 16886
DEBUG:root:Index : 2015-01-01 00:06:00
DEBUG:root:Index : 2015-01-01 00:07:00
DEBUG:root:Index : 2015-01-01 00:08:00
INFO:root:Parameter : {'tag': 'KEWP_5RH_11B_02', 'isSimulation': 'False', 'date': '2015-01-11T00:00:00.000Z', 'date2': '2015-01-12T21:20:00.000Z'}
Internal Server Error: /api/important
Traceback (most recent call last):
  File "/mnt/sdb1/django/ewp_backend/venv/lib/python3.4/site-packages/django/core/handlers/exception.py", line 35, in inner
    response = get_response(request)
  File "/mnt/sdb1/django/ewp_backend/venv/lib/python3.4/site-packages/django/core/handlers/base.py", line 128, in _get_response
    response = self.process_exception_by_middleware(e, request)
  File "/mnt/sdb1/django/ewp_backend/venv/lib/python3.4/site-packages/django/core/handlers/base.py", line 126, in _get_response
    response = wrapped_callback(request, *callback_args, **callback_kwargs)
  File "/mnt/sdb1/django/ewp_backend/venv/lib/python3.4/site-packages/django/views/decorators/csrf.py", line 54, in wrapped_view
    return view_func(*args, **kwargs)
  File "/mnt/sdb1/django/ewp_backend/venv/lib/python3.4/site-packages/django/views/decorators/csrf.py", line 54, in wrapped_view
    return view_func(*args, **kwargs)
  File "/mnt/sdb1/django/ewp_backend/venv/lib/python3.4/site-packages/django/views/generic/base.py", line 69, in view
    return self.dispatch(request, *args, **kwargs)
  File "/mnt/sdb1/django/ewp_backend/venv/lib/python3.4/site-packages/rest_framework/views.py", line 483, in dispatch
    response = self.handle_exception(exc)
  File "/mnt/sdb1/django/ewp_backend/venv/lib/python3.4/site-packages/rest_framework/views.py", line 443, in handle_exception
    self.raise_uncaught_exception(exc)
  File "/mnt/sdb1/django/ewp_backend/venv/lib/python3.4/site-packages/rest_framework/views.py", line 480, in dispatch
    response = handler(request, *args, **kwargs)
  File "/mnt/sdb1/django/ewp_backend/venv/lib/python3.4/site-packages/rest_framework/decorators.py", line 53, in handler
    return func(*args, **kwargs)
  File "/mnt/sdb1/django/ewp_backend/mongo/views.py", line 392, in connect_mongo_important
    json_str = json.dumps(result, ensure_ascii=False)
  File "/usr/lib/python3.4/json/__init__.py", line 237, in dumps
    **kw).encode(obj)
  File "/usr/lib/python3.4/json/encoder.py", line 192, in encode
    chunks = self.iterencode(o, _one_shot=True)
  File "/usr/lib/python3.4/json/encoder.py", line 250, in iterencode
    return _iterencode(o, 0)
  File "/usr/lib/python3.4/json/encoder.py", line 173, in default
    raise TypeError(repr(o) + " is not JSON serializable")
TypeError: ObjectId('5c248fd41c2f28da8f68fc74') is not JSON serializable
ERROR:django.request:Internal Server Error: /api/important
Traceback (most recent call last):
  File "/mnt/sdb1/django/ewp_backend/venv/lib/python3.4/site-packages/django/core/handlers/exception.py", line 35, in inner
    response = get_response(request)
  File "/mnt/sdb1/django/ewp_backend/venv/lib/python3.4/site-packages/django/core/handlers/base.py", line 128, in _get_response
    response = self.process_exception_by_middleware(e, request)
  File "/mnt/sdb1/django/ewp_backend/venv/lib/python3.4/site-packages/django/core/handlers/base.py", line 126, in _get_response
    response = wrapped_callback(request, *callback_args, **callback_kwargs)
  File "/mnt/sdb1/django/ewp_backend/venv/lib/python3.4/site-packages/django/views/decorators/csrf.py", line 54, in wrapped_view
    return view_func(*args, **kwargs)
  File "/mnt/sdb1/django/ewp_backend/venv/lib/python3.4/site-packages/django/views/decorators/csrf.py", line 54, in wrapped_view
    return view_func(*args, **kwargs)
  File "/mnt/sdb1/django/ewp_backend/venv/lib/python3.4/site-packages/django/views/generic/base.py", line 69, in view
    return self.dispatch(request, *args, **kwargs)
  File "/mnt/sdb1/django/ewp_backend/venv/lib/python3.4/site-packages/rest_framework/views.py", line 483, in dispatch
    response = self.handle_exception(exc)
  File "/mnt/sdb1/django/ewp_backend/venv/lib/python3.4/site-packages/rest_framework/views.py", line 443, in handle_exception
    self.raise_uncaught_exception(exc)
  File "/mnt/sdb1/django/ewp_backend/venv/lib/python3.4/site-packages/rest_framework/views.py", line 480, in dispatch
    response = handler(request, *args, **kwargs)
  File "/mnt/sdb1/django/ewp_backend/venv/lib/python3.4/site-packages/rest_framework/decorators.py", line 53, in handler
    return func(*args, **kwargs)
  File "/mnt/sdb1/django/ewp_backend/mongo/views.py", line 392, in connect_mongo_important
    json_str = json.dumps(result, ensure_ascii=False)
  File "/usr/lib/python3.4/json/__init__.py", line 237, in dumps
    **kw).encode(obj)
  File "/usr/lib/python3.4/json/encoder.py", line 192, in encode
    chunks = self.iterencode(o, _one_shot=True)
  File "/usr/lib/python3.4/json/encoder.py", line 250, in iterencode
    return _iterencode(o, 0)
  File "/usr/lib/python3.4/json/encoder.py", line 173, in default
    raise TypeError(repr(o) + " is not JSON serializable")
TypeError: ObjectId('5c248fd41c2f28da8f68fc74') is not JSON serializable
[27/Dec/2018 17:42:22] "POST /api/important HTTP/1.1" 500 16886
DEBUG:root:Index : 2015-01-01 00:09:00
DEBUG:root:Index : 2015-01-01 00:10:00
DEBUG:root:Index : 2015-01-01 00:11:00
DEBUG:root:Index : 2015-01-01 00:12:00
DEBUG:root:Index : 2015-01-01 00:13:00
DEBUG:root:Index : 2015-01-01 00:14:00
DEBUG:root:Index : 2015-01-01 00:15:00
DEBUG:root:Index : 2015-01-01 00:16:00
DEBUG:root:Index : 2015-01-01 00:17:00
DEBUG:root:Index : 2015-01-01 00:18:00
DEBUG:root:Index : 2015-01-01 00:19:00
DEBUG:root:Index : 2015-01-01 00:20:00
DEBUG:root:Index : 2015-01-01 00:21:00
DEBUG:root:Index : 2015-01-01 00:22:00
DEBUG:root:Index : 2015-01-01 00:23:00
DEBUG:root:Index : 2015-01-01 00:24:00
DEBUG:root:Index : 2015-01-01 00:25:00
DEBUG:root:Index : 2015-01-01 00:26:00
DEBUG:root:Index : 2015-01-01 00:27:00
DEBUG:root:Index : 2015-01-01 00:28:00
DEBUG:root:Index : 2015-01-01 00:29:00
DEBUG:root:Index : 2015-01-01 00:30:00
DEBUG:root:Index : 2015-01-01 00:31:00
DEBUG:root:Index : 2015-01-01 00:32:00
DEBUG:root:Index : 2015-01-01 00:33:00
DEBUG:root:Index : 2015-01-01 00:34:00
DEBUG:root:Index : 2015-01-01 00:35:00
DEBUG:root:Index : 2015-01-01 00:36:00
DEBUG:root:Index : 2015-01-01 00:37:00
DEBUG:root:Index : 2015-01-01 00:38:00
DEBUG:root:Index : 2015-01-01 00:39:00
DEBUG:root:Index : 2015-01-01 00:40:00
DEBUG:root:Index : 2015-01-01 00:41:00
DEBUG:root:Index : 2015-01-01 00:42:00
DEBUG:root:Index : 2015-01-01 00:43:00
DEBUG:root:Index : 2015-01-01 00:44:00
DEBUG:root:Index : 2015-01-01 00:45:00
DEBUG:root:Index : 2015-01-01 00:46:00
DEBUG:root:Index : 2015-01-01 00:47:00
DEBUG:root:Index : 2015-01-01 00:48:00
DEBUG:root:Index : 2015-01-01 00:49:00
DEBUG:root:Index : 2015-01-01 00:50:00
DEBUG:root:Index : 2015-01-01 00:51:00
DEBUG:root:Index : 2015-01-01 00:52:00
DEBUG:root:Index : 2015-01-01 00:53:00
DEBUG:root:Index : 2015-01-01 00:54:00
DEBUG:root:Index : 2015-01-01 00:55:00
DEBUG:root:Index : 2015-01-01 00:56:00
DEBUG:root:Index : 2015-01-01 00:57:00
DEBUG:root:Index : 2015-01-01 00:58:00
DEBUG:root:Index : 2015-01-01 00:59:00
DEBUG:root:Index : 2015-01-01 01:00:00
DEBUG:root:Index : 2015-01-01 01:01:00
DEBUG:root:Index : 2015-01-01 01:02:00
DEBUG:root:Index : 2015-01-01 01:03:00
DEBUG:root:Index : 2015-01-01 01:04:00
DEBUG:root:Index : 2015-01-01 01:05:00
DEBUG:root:Index : 2015-01-01 01:06:00
DEBUG:root:Index : 2015-01-01 01:07:00
DEBUG:root:Index : 2015-01-01 01:08:00
DEBUG:root:Index : 2015-01-01 01:09:00
DEBUG:root:Index : 2015-01-01 01:10:00
DEBUG:root:Index : 2015-01-01 01:11:00
DEBUG:root:Index : 2015-01-01 01:12:00
DEBUG:root:Index : 2015-01-01 01:13:00
DEBUG:root:Index : 2015-01-01 01:14:00
DEBUG:root:Index : 2015-01-01 01:15:00
DEBUG:root:Index : 2015-01-01 01:16:00
DEBUG:root:Index : 2015-01-01 01:17:00
DEBUG:root:Index : 2015-01-01 01:18:00
DEBUG:root:Index : 2015-01-01 01:19:00
DEBUG:root:Index : 2015-01-01 01:20:00
DEBUG:root:Index : 2015-01-01 01:21:00
DEBUG:root:Index : 2015-01-01 01:22:00
DEBUG:root:Index : 2015-01-01 01:23:00
DEBUG:root:Index : 2015-01-01 01:24:00
DEBUG:root:Index : 2015-01-01 01:25:00
DEBUG:root:Index : 2015-01-01 01:26:00
DEBUG:root:Index : 2015-01-01 01:27:00
DEBUG:root:Index : 2015-01-01 01:28:00
DEBUG:root:Index : 2015-01-01 01:29:00
DEBUG:root:Index : 2015-01-01 01:30:00
DEBUG:root:Index : 2015-01-01 01:31:00
DEBUG:root:Index : 2015-01-01 01:32:00
DEBUG:root:Index : 2015-01-01 01:33:00
DEBUG:root:Index : 2015-01-01 01:34:00
DEBUG:root:Index : 2015-01-01 01:35:00
DEBUG:root:Index : 2015-01-01 01:36:00
DEBUG:root:Index : 2015-01-01 01:37:00
DEBUG:root:Index : 2015-01-01 01:38:00
DEBUG:root:Index : 2015-01-01 01:39:00
DEBUG:root:Index : 2015-01-01 01:40:00
DEBUG:root:Index : 2015-01-01 01:41:00
DEBUG:root:Index : 2015-01-01 01:42:00
DEBUG:root:Index : 2015-01-01 01:43:00
DEBUG:root:Index : 2015-01-01 01:44:00
DEBUG:root:Index : 2015-01-01 01:45:00
DEBUG:root:Index : 2015-01-01 01:46:00
DEBUG:root:Index : 2015-01-01 01:47:00
DEBUG:root:Index : 2015-01-01 01:48:00
DEBUG:root:Index : 2015-01-01 01:49:00
DEBUG:root:Index : 2015-01-01 01:50:00
DEBUG:root:Index : 2015-01-01 01:51:00
DEBUG:root:Index : 2015-01-01 01:52:00
DEBUG:root:Index : 2015-01-01 01:53:00
DEBUG:root:Index : 2015-01-01 01:54:00
DEBUG:root:Index : 2015-01-01 01:55:00
DEBUG:root:Index : 2015-01-01 01:56:00
DEBUG:root:Index : 2015-01-01 01:57:00
DEBUG:root:Index : 2015-01-01 01:58:00
DEBUG:root:Index : 2015-01-01 01:59:00
DEBUG:root:Index : 2015-01-01 02:00:00
DEBUG:root:Index : 2015-01-01 02:01:00
DEBUG:root:Index : 2015-01-01 02:02:00
DEBUG:root:Index : 2015-01-01 02:03:00
DEBUG:root:Index : 2015-01-01 02:04:00
DEBUG:root:Index : 2015-01-01 02:05:00
DEBUG:root:Index : 2015-01-01 02:06:00
DEBUG:root:Index : 2015-01-01 02:07:00
DEBUG:root:Index : 2015-01-01 02:08:00
DEBUG:root:Index : 2015-01-01 02:09:00
DEBUG:root:Index : 2015-01-01 02:10:00
DEBUG:root:Index : 2015-01-01 02:11:00
DEBUG:root:Index : 2015-01-01 02:12:00
DEBUG:root:Index : 2015-01-01 02:13:00
DEBUG:root:Index : 2015-01-01 02:14:00
DEBUG:root:Index : 2015-01-01 02:15:00
DEBUG:root:Index : 2015-01-01 02:16:00
DEBUG:root:Index : 2015-01-01 02:17:00
DEBUG:root:Index : 2015-01-01 02:18:00
DEBUG:root:Index : 2015-01-01 02:19:00
DEBUG:root:Index : 2015-01-01 02:20:00
DEBUG:root:Index : 2015-01-01 02:21:00
DEBUG:root:Index : 2015-01-01 02:22:00
DEBUG:root:Index : 2015-01-01 02:23:00
DEBUG:root:Index : 2015-01-01 02:24:00
DEBUG:root:Index : 2015-01-01 02:25:00
DEBUG:root:Index : 2015-01-01 02:26:00
DEBUG:root:Index : 2015-01-01 02:27:00
DEBUG:root:Index : 2015-01-01 02:28:00
DEBUG:root:Index : 2015-01-01 02:29:00
DEBUG:root:Index : 2015-01-01 02:30:00
DEBUG:root:Index : 2015-01-01 02:31:00
DEBUG:root:Index : 2015-01-01 02:32:00
DEBUG:root:Index : 2015-01-01 02:33:00
DEBUG:root:Index : 2015-01-01 02:34:00
DEBUG:root:Index : 2015-01-01 02:35:00
DEBUG:root:Index : 2015-01-01 02:36:00
DEBUG:root:Index : 2015-01-01 02:37:00
DEBUG:root:Index : 2015-01-01 02:38:00
DEBUG:root:Index : 2015-01-01 02:39:00
DEBUG:root:Index : 2015-01-01 02:40:00
DEBUG:root:Index : 2015-01-01 02:41:00
DEBUG:root:Index : 2015-01-01 02:42:00
DEBUG:root:Index : 2015-01-01 02:43:00
DEBUG:root:Index : 2015-01-01 02:44:00
DEBUG:root:Index : 2015-01-01 02:45:00
DEBUG:root:Index : 2015-01-01 02:46:00
DEBUG:root:Index : 2015-01-01 02:47:00
DEBUG:root:Index : 2015-01-01 02:48:00
DEBUG:root:Index : 2015-01-01 02:49:00
DEBUG:root:Index : 2015-01-01 02:50:00
DEBUG:root:Index : 2015-01-01 02:51:00
DEBUG:root:Index : 2015-01-01 02:52:00
DEBUG:root:Index : 2015-01-01 02:53:00
DEBUG:root:Index : 2015-01-01 02:54:00
DEBUG:root:Index : 2015-01-01 02:55:00
DEBUG:root:Index : 2015-01-01 02:56:00
DEBUG:root:Index : 2015-01-01 02:57:00
DEBUG:root:Index : 2015-01-01 02:58:00
DEBUG:root:Index : 2015-01-01 02:59:00
DEBUG:root:Index : 2015-01-01 03:00:00
DEBUG:root:Index : 2015-01-01 03:01:00
DEBUG:root:Index : 2015-01-01 03:02:00
DEBUG:root:Index : 2015-01-01 03:03:00
DEBUG:root:Index : 2015-01-01 03:04:00
DEBUG:root:Index : 2015-01-01 03:05:00
DEBUG:root:Index : 2015-01-01 03:06:00
DEBUG:root:Index : 2015-01-01 03:07:00
DEBUG:root:Index : 2015-01-01 03:08:00
DEBUG:root:Index : 2015-01-01 03:09:00
DEBUG:root:Index : 2015-01-01 03:10:00
DEBUG:root:Index : 2015-01-01 03:11:00
DEBUG:root:Index : 2015-01-01 03:12:00
DEBUG:root:Index : 2015-01-01 03:13:00
DEBUG:root:Index : 2015-01-01 03:14:00
DEBUG:root:Index : 2015-01-01 03:15:00
DEBUG:root:Index : 2015-01-01 03:16:00
DEBUG:root:Index : 2015-01-01 03:17:00
DEBUG:root:Index : 2015-01-01 03:18:00
DEBUG:root:Index : 2015-01-01 03:19:00
DEBUG:root:Index : 2015-01-01 03:20:00
DEBUG:root:Index : 2015-01-01 03:21:00
DEBUG:root:Index : 2015-01-01 03:22:00
DEBUG:root:Index : 2015-01-01 03:23:00
DEBUG:root:Index : 2015-01-01 03:24:00
DEBUG:root:Index : 2015-01-01 03:25:00
DEBUG:root:Index : 2015-01-01 03:26:00
DEBUG:root:Index : 2015-01-01 03:27:00
DEBUG:root:Index : 2015-01-01 03:28:00
DEBUG:root:Index : 2015-01-01 03:29:00
